2014/03/13 03:43:24 [error] [exception.CException] exception 'CException' with message 'Alias "application.components.Off_Canvas" is invalid. Make sure it points to an existing PHP file and the file is readable.' in C:\xampp\htdocs\BongDa\giaingoaihang\framework\YiiBase.php:322
Stack trace:
#0 C:\xampp\htdocs\BongDa\giaingoaihang\framework\web\CWidgetFactory.php(146): YiiBase::import('application.com...', true)
#1 C:\xampp\htdocs\BongDa\giaingoaihang\framework\web\CBaseController.php(146): CWidgetFactory->createWidget(Object(DefaultController), 'application.com...', Array)
#2 C:\xampp\htdocs\BongDa\giaingoaihang\framework\web\CBaseController.php(172): CBaseController->createWidget('application.com...', Array)
#3 C:\xampp\htdocs\BongDa\giaingoaihang\themes\classic\views\layouts\home.php(11): CBaseController->widget('application.com...')
#4 C:\xampp\htdocs\BongDa\giaingoaihang\framework\web\CBaseController.php(126): require('C:\xampp\htdocs...')
#5 C:\xampp\htdocs\BongDa\giaingoaihang\framework\web\CBaseController.php(95): CBaseController->renderInternal('C:\xampp\htdocs...', Array, true)
#6 C:\xampp\htdocs\BongDa\giaingoaihang\framework\web\CController.php(784): CBaseController->renderFile('C:\xampp\htdocs...', Array, true)
#7 C:\xampp\htdocs\BongDa\giaingoaihang\protected\modules\Articles\controllers\DefaultController.php(10): CController->render('index', Array)
#8 C:\xampp\htdocs\BongDa\giaingoaihang\framework\web\actions\CInlineAction.php(49): DefaultController->actionIndex()
#9 C:\xampp\htdocs\BongDa\giaingoaihang\framework\web\CController.php(308): CInlineAction->runWithParams(Array)
#10 C:\xampp\htdocs\BongDa\giaingoaihang\framework\web\CController.php(286): CController->runAction(Object(CInlineAction))
#11 C:\xampp\htdocs\BongDa\giaingoaihang\framework\web\CController.php(265): CController->runActionWithFilters(Object(CInlineAction), Array)
#12 C:\xampp\htdocs\BongDa\giaingoaihang\framework\web\CWebApplication.php(282): CController->run('index')
#13 C:\xampp\htdocs\BongDa\giaingoaihang\framework\web\CWebApplication.php(141): CWebApplication->runController('')
#14 C:\xampp\htdocs\BongDa\giaingoaihang\framework\base\CApplication.php(180): CWebApplication->processRequest()
#15 C:\xampp\htdocs\BongDa\giaingoaihang\index.php(17): CApplication->run()
#16 {main}
REQUEST_URI=/Bongda/giaingoaihang/
---
2014/03/13 03:55:55 [error] [php] Undefined variable: model_parent_cate (C:\xampp\htdocs\BongDa\giaingoaihang\protected\components\views\nav.php:7)
Stack trace:
#0 C:\xampp\htdocs\BongDa\giaingoaihang\framework\web\widgets\CWidget.php(244): Off_Canvas->renderFile()
#1 C:\xampp\htdocs\BongDa\giaingoaihang\protected\components\Off_Canvas.php(13): Off_Canvas->render()
#2 C:\xampp\htdocs\BongDa\giaingoaihang\framework\web\CBaseController.php(147): Off_Canvas->init()
#3 C:\xampp\htdocs\BongDa\giaingoaihang\framework\web\CBaseController.php(172): DefaultController->createWidget()
#4 C:\xampp\htdocs\BongDa\giaingoaihang\themes\classic\views\layouts\home.php(11): DefaultController->widget()
#5 C:\xampp\htdocs\BongDa\giaingoaihang\framework\web\CBaseController.php(126): require()
#6 C:\xampp\htdocs\BongDa\giaingoaihang\framework\web\CBaseController.php(95): DefaultController->renderInternal()
#7 C:\xampp\htdocs\BongDa\giaingoaihang\framework\web\CController.php(784): DefaultController->renderFile()
#8 C:\xampp\htdocs\BongDa\giaingoaihang\protected\modules\Articles\controllers\DefaultController.php(10): DefaultController->render()
#9 C:\xampp\htdocs\BongDa\giaingoaihang\framework\web\actions\CInlineAction.php(49): DefaultController->actionIndex()
#10 C:\xampp\htdocs\BongDa\giaingoaihang\framework\web\CController.php(308): CInlineAction->runWithParams()
#11 C:\xampp\htdocs\BongDa\giaingoaihang\framework\web\CController.php(286): DefaultController->runAction()
#12 C:\xampp\htdocs\BongDa\giaingoaihang\framework\web\CController.php(265): DefaultController->runActionWithFilters()
#13 C:\xampp\htdocs\BongDa\giaingoaihang\framework\web\CWebApplication.php(282): DefaultController->run()
#14 C:\xampp\htdocs\BongDa\giaingoaihang\framework\web\CWebApplication.php(141): CWebApplication->runController()
#15 C:\xampp\htdocs\BongDa\giaingoaihang\framework\base\CApplication.php(180): CWebApplication->processRequest()
#16 C:\xampp\htdocs\BongDa\giaingoaihang\index.php(17): CWebApplication->run()
REQUEST_URI=/Bongda/giaingoaihang/
in C:\xampp\htdocs\BongDa\giaingoaihang\protected\components\views\nav.php (7)
in C:\xampp\htdocs\BongDa\giaingoaihang\protected\components\Off_Canvas.php (13)
in C:\xampp\htdocs\BongDa\giaingoaihang\themes\classic\views\layouts\home.php (11)
